Using pre-set license
Built from '2020.3/staging' branch; Version is '2020.3.13f1 (71691879b7f5) revision 7432472'; Using compiler version '192528614'; Build Type 'Release'
OS: 'Windows 10 Home Single Language; OS build 19043.1165; Version 2009; 64bit' Language: 'ru' Physical Memory: 6301 MB
BatchMode: 1, IsHumanControllingUs: 0, StartBugReporterOnCrash: 0, Is64bit: 1, IsPro: 0

 COMMAND LINE ARGUMENTS:
C:\Program Files\Unity\Hub\Editor\2020.3.13f1\Editor\Unity.exe
-adb2
-batchMode
-noUpm
-name
AssetImportWorker0
-projectPath
D:/UnityProjects/Project_game_v1
-logFile
Logs/AssetImportWorker0.log
-srvPort
49294
Successfully changed project path to: D:/UnityProjects/Project_game_v1
D:/UnityProjects/Project_game_v1
Using Asset Import Pipeline V2.
Refreshing native plugins compatible for Editor in 62.76 ms, found 3 plugins.
Preloading 0 native plugins for Editor in 0.00 ms.
Initialize engine version: 2020.3.13f1 (71691879b7f5)
[Subsystems] Discovering subsystems at path C:/Program Files/Unity/Hub/Editor/2020.3.13f1/Editor/Data/Resources/UnitySubsystems
[Subsystems] Discovering subsystems at path D:/UnityProjects/Project_game_v1/Assets
GfxDevice: creating device client; threaded=0
Direct3D:
    Version:  Direct3D 11.0 [level 11.1]
    Renderer: NVIDIA GeForce GTX 1050 (ID=0x1c8d)
    Vendor:   
    VRAM:     1977 MB
    Driver:   30.0.14.7196
Initialize mono
Mono path[0] = 'C:/Program Files/Unity/Hub/Editor/2020.3.13f1/Editor/Data/Managed'
Mono path[1] = 'C:/Program Files/Unity/Hub/Editor/2020.3.13f1/Editor/Data/MonoBleedingEdge/lib/mono/unityjit'
Mono config path = 'C:/Program Files/Unity/Hub/Editor/2020.3.13f1/Editor/Data/MonoBleedingEdge/etc'
Using monoOptions --debugger-agent=transport=dt_socket,embedding=1,server=y,suspend=n,address=127.0.0.1:56788
Begin MonoManager ReloadAssembly
Registering precompiled unity dll's ...
Register platform support module: C:/Program Files/Unity/Hub/Editor/2020.3.13f1/Editor/Data/PlaybackEngines/WindowsStandaloneSupport/UnityEditor.WindowsStandalone.Extensions.dll
Registered in 0.002722 seconds.
Native extension for WindowsStandalone target not found
Refreshing native plugins compatible for Editor in 58.04 ms, found 3 plugins.
Preloading 0 native plugins for Editor in 0.00 ms.
Mono: successfully reloaded assembly
- Completed reload, in  2.760 seconds
Platform modules already initialized, skipping
Registering precompiled user dll's ...
Registered in 0.011202 seconds.
Begin MonoManager ReloadAssembly
Native extension for WindowsStandalone target not found
Refreshing native plugins compatible for Editor in 75.88 ms, found 3 plugins.
Preloading 0 native plugins for Editor in 0.00 ms.
Mono: successfully reloaded assembly
- Completed reload, in  1.843 seconds
Platform modules already initialized, skipping
========================================================================
Worker process is ready to serve import requests
Launched and connected shader compiler UnityShaderCompiler.exe after 0.13 seconds
Refreshing native plugins compatible for Editor in 0.52 ms, found 3 plugins.
Preloading 0 native plugins for Editor in 0.00 ms.
Unloading 2090 Unused Serialized files (Serialized files now loaded: 0)
System memory in use before: 93.0 MB.
System memory in use after: 93.1 MB.

Unloading 28 unused Assets to reduce memory usage. Loaded Objects now: 2528.
Total: 3.952400 ms (FindLiveObjects: 0.235000 ms CreateObjectMapping: 0.109100 ms MarkObjects: 3.402400 ms  DeleteObjects: 0.204000 ms)

AssetImportParameters requested are different than current active one (requested -> active):
  custom:framework-win-MediaFoundation: 216162199b28c13a410421893ffa2e32 -> 
  custom:video-decoder-ogg-theora: a1e56fd34408186e4bbccfd4996cb3dc -> 
  custom:container-muxer-webm: aa71ff27fc2769a1b78a27578f13a17b -> 
  custom:container-demuxer-webm: 4f35f7cbe854078d1ac9338744f61a02 -> 
  custom:container-demuxer-ogg: 62fdf1f143b41e24485cea50d1cbac27 -> 
  custom:video-encoder-webm-vp8: eb34c28f22e8b96e1ab97ce403110664 -> 
  custom:video-decoder-webm-vp8: 9c59270c3fd7afecdb556c50c9e8de78 -> 
  custom:audio-decoder-ogg-vorbis: bf7c407c2cedff20999df2af8eb42d56 -> 
  custom:audio-encoder-webm-vorbis: bf7c407c2cedff20999df2af8eb42d56 -> 
========================================================================
Received Import Request.
  path: Assets/Scenes/2Dgame.unity
  artifactKey: Guid(62c9232191b3ba84b9548ff4c6d9fab9) Importer(815301076,1909f56bfc062723c751e8b465ee728b)
Start importing Assets/Scenes/2Dgame.unity using Guid(62c9232191b3ba84b9548ff4c6d9fab9) Importer(815301076,1909f56bfc062723c751e8b465ee728b)  -> (artifact id: '3064e8a05c5d0dab5219199d463785b3') in 0.043117 seconds 
  Import took 0.092207 seconds .

========================================================================
Received Import Request.
  Time since last request: 29.090140 seconds.
  path: Assets/Scripts/PlatformerPlayer.cs
  artifactKey: Guid(ff89a5dabe36d154fa691ac290c54f1a) Importer(815301076,1909f56bfc062723c751e8b465ee728b)
Start importing Assets/Scripts/PlatformerPlayer.cs using Guid(ff89a5dabe36d154fa691ac290c54f1a) Importer(815301076,1909f56bfc062723c751e8b465ee728b)  -> (artifact id: '95d430cf3ccd97a207214f7a5d4f9b91') in 0.212715 seconds 
  Import took 0.255958 seconds .

========================================================================
Received Import Request.
  Time since last request: 0.543606 seconds.
  path: Assets/Scripts/SceneController.cs
  artifactKey: Guid(021e4162bd01e2d4cb52fea423da019e) Importer(815301076,1909f56bfc062723c751e8b465ee728b)
Start importing Assets/Scripts/SceneController.cs using Guid(021e4162bd01e2d4cb52fea423da019e) Importer(815301076,1909f56bfc062723c751e8b465ee728b)  -> (artifact id: '7447cf6afc3008c0bd79394b6b1a6ae1') in 0.017034 seconds 
  Import took 0.035943 seconds .

========================================================================
Received Import Request.
  Time since last request: 0.003914 seconds.
  path: Assets/Scripts/SceneController.cs
  artifactKey: Guid(021e4162bd01e2d4cb52fea423da019e) Importer(815301076,1909f56bfc062723c751e8b465ee728b)
Start importing Assets/Scripts/SceneController.cs using Guid(021e4162bd01e2d4cb52fea423da019e) Importer(815301076,1909f56bfc062723c751e8b465ee728b)  -> (artifact id: '7447cf6afc3008c0bd79394b6b1a6ae1') in 0.019465 seconds 
  Import took 0.031767 seconds .

========================================================================
Received Import Request.
  Time since last request: 0.381524 seconds.
  path: Assets/Scripts/UIButton.cs
  artifactKey: Guid(d7ef204592a4f294cb376844e30893f3) Importer(815301076,1909f56bfc062723c751e8b465ee728b)
Start importing Assets/Scripts/UIButton.cs using Guid(d7ef204592a4f294cb376844e30893f3) Importer(815301076,1909f56bfc062723c751e8b465ee728b)  -> (artifact id: '50a59e96066029c018a530adef03c534') in 0.010694 seconds 
  Import took 0.042525 seconds .

========================================================================
Received Import Request.
  Time since last request: 2.232906 seconds.
  path: Assets/Scripts/FollowCam.cs
  artifactKey: Guid(b80745d09a129e74ba7a7fbd1e9e93ab) Importer(815301076,1909f56bfc062723c751e8b465ee728b)
Start importing Assets/Scripts/FollowCam.cs using Guid(b80745d09a129e74ba7a7fbd1e9e93ab) Importer(815301076,1909f56bfc062723c751e8b465ee728b)  -> (artifact id: 'a8f1068bbb1e59e3507f446642e66d09') in 0.006340 seconds 
  Import took 0.048914 seconds .

========================================================================
Received Prepare
Registering precompiled user dll's ...
Registered in 0.009935 seconds.
Begin MonoManager ReloadAssembly
Native extension for WindowsStandalone target not found
Refreshing native plugins compatible for Editor in 0.56 ms, found 3 plugins.
Preloading 0 native plugins for Editor in 0.00 ms.
Mono: successfully reloaded assembly
- Completed reload, in  1.623 seconds
Platform modules already initialized, skipping
Refreshing native plugins compatible for Editor in 0.51 ms, found 3 plugins.
Preloading 0 native plugins for Editor in 0.00 ms.
Unloading 2081 Unused Serialized files (Serialized files now loaded: 0)
System memory in use before: 92.6 MB.
System memory in use after: 92.7 MB.

Unloading 17 unused Assets to reduce memory usage. Loaded Objects now: 2531.
Total: 2.433100 ms (FindLiveObjects: 0.191300 ms CreateObjectMapping: 0.083000 ms MarkObjects: 2.119800 ms  DeleteObjects: 0.037900 ms)

AssetImportParameters requested are different than current active one (requested -> active):
  custom:framework-win-MediaFoundation: 216162199b28c13a410421893ffa2e32 -> 
  custom:video-decoder-ogg-theora: a1e56fd34408186e4bbccfd4996cb3dc -> 
  custom:container-muxer-webm: aa71ff27fc2769a1b78a27578f13a17b -> 
  custom:container-demuxer-webm: 4f35f7cbe854078d1ac9338744f61a02 -> 
  custom:container-demuxer-ogg: 62fdf1f143b41e24485cea50d1cbac27 -> 
  custom:video-encoder-webm-vp8: eb34c28f22e8b96e1ab97ce403110664 -> 
  custom:video-decoder-webm-vp8: 9c59270c3fd7afecdb556c50c9e8de78 -> 
  custom:audio-decoder-ogg-vorbis: bf7c407c2cedff20999df2af8eb42d56 -> 
  custom:audio-encoder-webm-vorbis: bf7c407c2cedff20999df2af8eb42d56 -> 
AssetImportWorkerClient::OnTransportError - code=2 error=End of file
